Log file open, 03/28/17 16:39:13
LogInit:Display: Running engine for game: IntroPHAT
LogPlatformFile: Not using cached read wrapper
LogInit:Display: RandInit(-837625992) SRandInit(-837625992).
LogTaskGraph: Started task graph with 5 named threads and 8 total threads with 1 sets of task threads.
LogStats: Stats thread started at 0.092801
LogInit: Using libcurl 7.47.1
LogInit:  - built for x86_64-pc-win32
LogInit:  - supports SSL with OpenSSL/1.0.2g
LogInit:  - supports HTTP deflate (compression) using libz 1.2.8
LogInit:  - other features:
LogInit:      CURL_VERSION_SSL
LogInit:      CURL_VERSION_LIBZ
LogInit:      CURL_VERSION_IPV6
LogInit:      CURL_VERSION_ASYNCHDNS
LogInit:      CURL_VERSION_LARGEFILE
LogInit:      CURL_VERSION_IDN
LogInit:  CurlRequestOptions (configurable via config and command line):
LogInit:  - bVerifyPeer = false  - Libcurl will NOT verify peer certificate
LogInit:  - bUseHttpProxy = false  - Libcurl will NOT use HTTP proxy
LogInit:  - bDontReuseConnections = false  - Libcurl will reuse connections
LogInit:  - CertBundlePath = nullptr  - Libcurl will use whatever was configured at build time.
LogInit: Build: ++UE4+Release-4.15-CL-3348071
LogInit: Engine Version: 4.15.1-3348071+++UE4+Release-4.15
LogInit: Compatible Engine Version: 4.15.0-3299760+++UE4+Release-4.15
LogInit: Net CL: 3299760
LogDevObjectVersion: Number of dev versions registered: 14
LogDevObjectVersion:   Dev-Blueprints (B0D832E4-1F89-4F0D-ACCF-7EB736FD4AA2): 8
LogDevObjectVersion:   Dev-Build (E1C64328-A22C-4D53-A36C-8E866417BD8C): 0
LogDevObjectVersion:   Dev-Core (375EC13C-06E4-48FB-B500-84F0262A717E): 2
LogDevObjectVersion:   Dev-Editor (E4B068ED-F494-42E9-A231-DA0B2E46BB41): 14
LogDevObjectVersion:   Dev-Framework (CFFC743F-43B0-4480-9391-14DF171D2073): 22
LogDevObjectVersion:   Dev-Mobile (B02B49B5-BB20-44E9-A304-32B752E40360): 0
LogDevObjectVersion:   Dev-Networking (A4E4105C-59A1-49B5-A7C5-40C4547EDFEE): 0
LogDevObjectVersion:   Dev-Online (39C831C9-5AE6-47DC-9A44-9C173E1C8E7C): 0
LogDevObjectVersion:   Dev-Physics (78F01B33-EBEA-4F98-B9B4-84EACCB95AA2): 0
LogDevObjectVersion:   Dev-Platform (6631380F-2D4D-43E0-8009-CF276956A95A): 0
LogDevObjectVersion:   Dev-Rendering (12F88B9F-8875-4AFC-A67C-D90C383ABD29): 12
LogDevObjectVersion:   Dev-Sequencer (7B5AE74C-D270-4C10-A958-57980B212A5A): 3
LogDevObjectVersion:   Dev-VR (D7296918-1DD6-4BDD-9DE2-64A83CC13884): 0
LogDevObjectVersion:   Dev-LoadTimes (C2A15278-BFE7-4AFE-6C17-90FF531DF755): 1
LogInit: Compiled (64-bit): Mar 15 2017 16:52:47
LogInit: Compiled with Visual C++: 19.00.23026.00
LogInit: Build Configuration: Development
LogInit: Branch Name: ++UE4+Release-4.15
LogInit: Command line: -EpicPortal 
LogInit: Base directory: C:/Program Files/Epic Games/UE_4.15/Engine/Binaries/Win64/
LogInit: Installed Engine Build: 1
LogInit: Presizing for max 8388607 objects, including 0 objects not considered by GC, pre-allocating 0 bytes for permanent pool.
LogInit: Object subsystem initialized
[2017.03.28-23.39.14:804][  0]LogInit: Selected Device Profile: [Windows]
[2017.03.28-23.39.14:804][  0]LogInit: Applying CVar settings loaded from the selected device profile: [Windows]
[2017.03.28-23.39.14:843][  0]LogInit: Computer: ULTIMATESKIBUM
[2017.03.28-23.39.14:843][  0]LogInit: User: Liam
[2017.03.28-23.39.14:843][  0]LogInit: CPU Page size=65536, Cores=4
[2017.03.28-23.39.14:843][  0]LogInit: High frequency timer resolution =3.906387 MHz
[2017.03.28-23.39.14:844][  0]LogMemory: Memory total: Physical=7.9GB (8GB approx)
[2017.03.28-23.39.14:844][  0]LogMemory: Platform Memory Stats for Windows
[2017.03.28-23.39.14:844][  0]LogMemory: Process Physical Memory: 263.55 MB used, 263.55 MB peak
[2017.03.28-23.39.14:844][  0]LogMemory: Process Virtual Memory: 262.68 MB used, 262.68 MB peak
[2017.03.28-23.39.14:844][  0]LogMemory: Physical Memory: 4286.43 MB used,  3852.57 MB free, 8139.00 MB total
[2017.03.28-23.39.14:844][  0]LogMemory: Virtual Memory: 645.13 MB used,  3852.57 MB free, 134217728.00 MB total
[2017.03.28-23.39.14:974][  0]LogTextLocalizationManager: No specific translations for ('en-US') exist, so ('en') translations will be used.
[2017.03.28-23.39.15:721][  0]LogD3D11RHI: D3D11 adapters:
[2017.03.28-23.39.16:207][  0]LogD3D11RHI:    0. 'NVIDIA GeForce GTX 770' (Feature Level 11_0)
[2017.03.28-23.39.16:207][  0]LogD3D11RHI:       4063/0/4069 MB DedicatedVideo/DedicatedSystem/SharedSystem, Outputs:1, VendorId:0x10de
[2017.03.28-23.39.16:209][  0]LogD3D11RHI:    1. 'Microsoft Basic Render Driver' (Feature Level 11_0)
[2017.03.28-23.39.16:209][  0]LogD3D11RHI:       0/0/4069 MB DedicatedVideo/DedicatedSystem/SharedSystem, Outputs:0, VendorId:0x1414
[2017.03.28-23.39.16:209][  0]LogD3D11RHI: Chosen D3D11 Adapter: 0
[2017.03.28-23.39.16:216][  0]LogD3D11RHI: Creating new Direct3DDevice
[2017.03.28-23.39.16:216][  0]LogD3D11RHI:     GPU DeviceId: 0x1184 (for the marketing name, search the web for "GPU Device Id")
[2017.03.28-23.39.16:216][  0]LogWindows: EnumDisplayDevices:
[2017.03.28-23.39.16:216][  0]LogWindows:    0. 'NVIDIA GeForce GTX 770' (P:1 D:1)
[2017.03.28-23.39.16:216][  0]LogWindows:    1. 'NVIDIA GeForce GTX 770' (P:0 D:0)
[2017.03.28-23.39.16:216][  0]LogWindows:    2. 'NVIDIA GeForce GTX 770' (P:0 D:0)
[2017.03.28-23.39.16:217][  0]LogWindows:    3. 'NVIDIA GeForce GTX 770' (P:0 D:0)
[2017.03.28-23.39.16:217][  0]LogWindows: DebugString: FoundDriverCount:4 
[2017.03.28-23.39.16:217][  0]LogD3D11RHI:     Adapter Name: NVIDIA GeForce GTX 770
[2017.03.28-23.39.16:217][  0]LogD3D11RHI:   Driver Version: 378.92 (internal:21.21.13.7892, unified:378.92)
[2017.03.28-23.39.16:217][  0]LogD3D11RHI:      Driver Date: 3-16-2017
[2017.03.28-23.39.16:217][  0]LogRHI: Texture pool is 1361 MB (70% of 1945 MB)
[2017.03.28-23.39.16:675][  0]LogD3D11RHI:Warning: Timestamp queries are currently disabled on this hardware due to instability. Realtime GPU stats will not be available. You can override this behaviour by setting r.NVIDIATimestampWorkaround to 0
[2017.03.28-23.39.16:676][  0]LogD3D11RHI: Async texture creation enabled
[2017.03.28-23.39.16:717][  0]LogD3D11RHI: GPU Timing Frequency: 1000.000000 (Debug: 2 1)
[2017.03.28-23.39.16:767][  0]LogShaderCompilers: Guid format shader working directory is -19 characters bigger than the processId version (../../../../../../Users/Liam/Documents/Unreal Projects/IntroPHAT/Intermediate/Shaders/WorkingDirectory/6000/).
[2017.03.28-23.39.16:768][  0]LogShaderCompilers: Cleaned the shader compiler working directory 'C:/Users/Liam/AppData/Local/Temp/UnrealShaderWorkingDir/9BCDCCF345F4A83C8DDAFCA51CF0EAE5/'.
[2017.03.28-23.39.16:768][  0]LogShaderCompilers:Display: Using Local Shader Compiler.
[2017.03.28-23.39.18:330][  0]LogTemp:Display: Loaded TP AllDesktopTargetPlatform
[2017.03.28-23.39.18:418][  0]LogTemp:Display: Loaded TP MacClientTargetPlatform
[2017.03.28-23.39.18:507][  0]LogTemp:Display: Loaded TP MacNoEditorTargetPlatform
[2017.03.28-23.39.18:595][  0]LogTemp:Display: Loaded TP MacServerTargetPlatform
[2017.03.28-23.39.18:683][  0]LogTemp:Display: Loaded TP MacTargetPlatform
[2017.03.28-23.39.18:770][  0]LogTemp:Display: Loaded TP WindowsClientTargetPlatform
[2017.03.28-23.39.18:858][  0]LogTemp:Display: Loaded TP WindowsNoEditorTargetPlatform
[2017.03.28-23.39.18:946][  0]LogTemp:Display: Loaded TP WindowsServerTargetPlatform
[2017.03.28-23.39.19:019][  0]LogTemp:Display: Loaded TP WindowsTargetPlatform
[2017.03.28-23.39.19:106][  0]LogTemp:Display: Loaded TP AndroidTargetPlatform
[2017.03.28-23.39.19:193][  0]LogTemp:Display: Loaded TP Android_ASTCTargetPlatform
[2017.03.28-23.39.19:279][  0]LogTemp:Display: Loaded TP Android_ATCTargetPlatform
[2017.03.28-23.39.19:365][  0]LogTemp:Display: Loaded TP Android_DXTTargetPlatform
[2017.03.28-23.39.19:451][  0]LogTemp:Display: Loaded TP Android_ETC1TargetPlatform
[2017.03.28-23.39.19:537][  0]LogTemp:Display: Loaded TP Android_ETC2TargetPlatform
[2017.03.28-23.39.19:710][  0]LogTemp:Display: Loaded TP Android_MultiTargetPlatform
[2017.03.28-23.39.19:710][  0]LogTemp:Display: Loaded TP Android_PVRTCTargetPlatform
[2017.03.28-23.39.19:774][  0]LogTemp:Display: Loaded TP HTML5TargetPlatform
[2017.03.28-23.39.19:919][  0]LogTemp:Display: Loaded TP IOSTargetPlatform
[2017.03.28-23.39.19:976][  0]LogTemp:Display: Loaded TP TVOSTargetPlatform
[2017.03.28-23.39.20:066][  0]LogTemp:Display: Loaded TP LinuxClientTargetPlatform
[2017.03.28-23.39.20:151][  0]LogTemp:Display: Loaded TP LinuxNoEditorTargetPlatform
[2017.03.28-23.39.20:237][  0]LogTemp:Display: Loaded TP LinuxServerTargetPlatform
[2017.03.28-23.39.20:323][  0]LogTemp:Display: Loaded TP LinuxTargetPlatform
[2017.03.28-23.39.20:323][  0]LogTargetPlatformManager:Display: Building Assets For Windows
[2017.03.28-23.39.21:064][  0]LogDerivedDataCache:Display: Max Cache Size: 512 MB
[2017.03.28-23.39.21:171][  0]LogDerivedDataCache: Loaded boot cache 0.11s 50MB C:/Users/Liam/AppData/Local/UnrealEngine/4.15/DerivedDataCache/Boot.ddc.
[2017.03.28-23.39.21:171][  0]LogDerivedDataCache:Display: Loaded Boot cache: C:/Users/Liam/AppData/Local/UnrealEngine/4.15/DerivedDataCache/Boot.ddc
[2017.03.28-23.39.21:171][  0]LogDerivedDataCache: FDerivedDataBackendGraph:  Pak pak cache file ../../../../../../Users/Liam/Documents/Unreal Projects/IntroPHAT/DerivedDataCache/DDC.ddp not found, will not use a pak cache.
[2017.03.28-23.39.21:171][  0]LogDerivedDataCache: Unable to find inner node Pak for hierarchical cache Hierarchy.
[2017.03.28-23.39.21:171][  0]LogDerivedDataCache: FDerivedDataBackendGraph:  CompressedPak pak cache file ../../../../../../Users/Liam/Documents/Unreal Projects/IntroPHAT/DerivedDataCache/Compressed.ddp not found, will not use a pak cache.
[2017.03.28-23.39.21:171][  0]LogDerivedDataCache: Unable to find inner node CompressedPak for hierarchical cache Hierarchy.
[2017.03.28-23.39.21:194][  0]LogDerivedDataCache:Display: Pak cache opened for reading ../../../Engine/DerivedDataCache/Compressed.ddp.
[2017.03.28-23.39.21:206][  0]LogDerivedDataCache: Using Local data cache path C:/Users/Liam/AppData/Local/UnrealEngine/Common/DerivedDataCache: Writable
[2017.03.28-23.39.21:221][  0]LogSlate: Using Freetype 2.6.0
[2017.03.28-23.39.21:221][  0]LogSlate: SlateFontCache - WITH_FREETYPE: 1, WITH_HARFBUZZ: 1
[2017.03.28-23.39.21:221][  0]LogSlate: SlateFontCache - WITH_FREETYPE: 1, WITH_HARFBUZZ: 1
[2017.03.28-23.39.21:607][  0]LogInit: Selected Device Profile: [Windows]
[2017.03.28-23.39.21:610][  0]LogContentStreaming: Texture pool size is 0.00 MB
[2017.03.28-23.39.21:910][  0]LogMeshUtilities: Using QuadricMeshReduction for automatic static mesh reduction
[2017.03.28-23.39.21:983][  0]LogSimplygon: Simplygon DLL not present - disabling.
[2017.03.28-23.39.22:064][  0]LogMeshUtilities: Using SimplygonSwarm for distributed automatic mesh merging
[2017.03.28-23.39.22:064][  0]LogMeshUtilities: No automatic skeletal mesh reduction module available
[2017.03.28-23.39.22:064][  0]LogMeshUtilities: No automatic mesh merging module available
[2017.03.28-23.39.22:841][  0]LogNetVersion: GetLocalNetworkVersion: CL: 3299760, ProjectName: introphat, ProjectVersion: , EngineNetworkVersion: 2, GameNetworkVersion: 0, NetworkChecksum: 755543801
[2017.03.28-23.39.22:905][  0]LogAssetRegistry: FAssetRegistry took 0.0215 seconds to start up
[2017.03.28-23.39.23:054][  0]LogPackageLocalizationCache: Processed 3 localized package path(s) for 2 prioritized culture(s) in 0.105856 seconds
[2017.03.28-23.39.23:062][  0]LogUObjectArray: 32493 objects as part of root set at end of initial load.
[2017.03.28-23.39.23:062][  0]LogUObjectAllocator: 7077024 out of 0 bytes used by permanent object pool.
[2017.03.28-23.39.23:062][  0]LogUObjectArray: CloseDisregardForGC: 0/0 objects in disregard for GC pool
[2017.03.28-23.39.23:171][  0]LogInit: WinSock: version 1.1 (2.2), MaxSocks=32767, MaxUdp=65467
[2017.03.28-23.39.25:579][  0]LogTcpMessaging: Initializing TcpMessaging bridge
[2017.03.28-23.39.25:640][  0]LogUdpMessaging: Initializing bridge on interface 0.0.0.0:0 to multicast group 230.0.0.1:6666.
[2017.03.28-23.39.26:334][  0]LogMaterial: Uniform references updated for custom material expression Custom.
[2017.03.28-23.39.26:928][  0]SourceControl: Info Source control is disabled
[2017.03.28-23.39.26:929][  0]SourceControl: Info Source control is disabled
[2017.03.28-23.39.27:007][  0]SourceControl: Info Source control is disabled
[2017.03.28-23.39.27:084][  0]SourceControl: Info Source control is disabled
[2017.03.28-23.39.29:143][  0]LogEngine: Initializing Engine...
[2017.03.28-23.39.29:143][  0]LogHMD: Failed to initialize OpenVR with code 110
[2017.03.28-23.39.29:478][  0]LogAIModule: Creating AISystem for world Untitled
[2017.03.28-23.39.29:507][  0]LogInit: XAudio2 using 'Headset Earphone (Logitech G933 Gaming Headset)' : 2 channels at 44.1 kHz using 16 bits per sample (channel mask 0x3)
[2017.03.28-23.39.29:541][  0]LogInit: FAudioDevice initialized.
[2017.03.28-23.39.29:595][  0]LogDerivedDataCache: Saved boot cache 0.05s 50MB C:/Users/Liam/AppData/Local/UnrealEngine/4.15/DerivedDataCache/Boot.ddc.
[2017.03.28-23.39.29:619][  0]LogInit: Texture streaming: Enabled
[2017.03.28-23.39.29:783][  0]LogEngineSessionManager: EngineSessionManager initialized
[2017.03.28-23.39.29:928][  0]LogInit: Transaction tracking system initialized
[2017.03.28-23.39.30:504][  0]BlueprintLog: New page: Editor Load
[2017.03.28-23.39.31:973][  0]LocalizationService: Info Localization service is disabled
[2017.03.28-23.39.33:078][  0]LogConsoleResponse:Display: 
[2017.03.28-23.39.33:237][  0]LogCook:Display: Max memory allowance for cook 16384mb min free memory 0mb
[2017.03.28-23.39.33:237][  0]LogCook:Display: Mobile HDR setting 1
[2017.03.28-23.39.33:337][  0]LogFileCache: Scanning file cache for directory 'C:/Users/Liam/Documents/Unreal Projects/IntroPHAT/Content/' took 0.02s
[2017.03.28-23.39.34:970][  0]SourceControl: Info Source control is disabled
[2017.03.28-23.39.34:970][  0]Cmd: MAP LOAD FILE="../../../../../../Users/Liam/Documents/Unreal Projects/IntroPHAT/Content/ThirdPersonBP/Maps/ThirdPersonExampleMap.umap" TEMPLATE=0 SHOWPROGRESS=1 FEATURELEVEL=3
[2017.03.28-23.39.34:971][  0]LightingResults: New page: Lighting Build
[2017.03.28-23.39.35:038][  0]MapCheck: New page: Map Check
[2017.03.28-23.39.35:038][  0]LightingResults: New page: Lighting Build
[2017.03.28-23.39.37:187][  0]LogAIModule: Creating AISystem for world ThirdPersonExampleMap
[2017.03.28-23.39.37:224][  0]LogEditorServer: Finished looking for orphan Actors (0.000 secs)
[2017.03.28-23.39.37:225][  0]Cmd: MAP CHECKDEP NOCLEARLOG
[2017.03.28-23.39.37:293][  0]MapCheck: Info Map check complete: 0 Error(s), 0 Warning(s), took 67.725ms to complete.
[2017.03.28-23.39.37:293][  0]LogFileHelpers: Loading map 'ThirdPersonExampleMap' took 2.323
[2017.03.28-23.39.37:348][  0]LogWindowsTextInputMethodSystem:Display: IME system now deactivated.
[2017.03.28-23.39.37:595][  0]LogCollectionManager: Loaded 0 collections in 0.002621 seconds
[2017.03.28-23.39.37:705][  0]LogFileCache: Scanning file cache for directory 'C:/Users/Liam/Documents/Unreal Projects/IntroPHAT/Saved/Collections/' took 0.01s
[2017.03.28-23.39.37:705][  0]LogFileCache: Scanning file cache for directory 'C:/Users/Liam/Documents/Unreal Projects/IntroPHAT/Content/Developers/Liam/Collections/' took 0.01s
[2017.03.28-23.39.37:705][  0]LogFileCache: Scanning file cache for directory 'C:/Users/Liam/Documents/Unreal Projects/IntroPHAT/Content/Collections/' took 0.01s
[2017.03.28-23.39.37:705][  0]LogCollectionManager: Rebuilt the GUID cache for 0 collections in 0.000002 seconds
[2017.03.28-23.39.37:719][  0]LogContentBrowser: Native class hierarchy populated in 0.0141 seconds. Added 2245 classes and 453 folders.
[2017.03.28-23.39.37:723][  0]LogStats: UGameplayTagsManager::ConstructGameplayTagTree: Construct from data asset -  0.000 s
[2017.03.28-23.39.37:723][  0]LogStats: UGameplayTagsManager::ConstructGameplayTagTree: GameplayTagTreeChangedEvent.Broadcast -  0.000 s
[2017.03.28-23.39.37:828][  0]LogContentBrowser: Native class hierarchy updated for 'WidgetCarousel' in 0.0007 seconds. Added 0 classes and 0 folders.
[2017.03.28-23.39.38:602][  0]LogContentBrowser: Native class hierarchy updated for 'AddContentDialog' in 0.0007 seconds. Added 0 classes and 0 folders.
[2017.03.28-23.39.38:672][  0]LogContentBrowser: Native class hierarchy updated for 'SceneOutliner' in 0.0007 seconds. Added 1 classes and 2 folders.
[2017.03.28-23.39.38:755][  0]LogCrashTracker: Crashtracker disabled due to settings.
[2017.03.28-23.39.38:764][  0]LogUObjectGlobals:Warning: Failed to find object 'Class None.'
[2017.03.28-23.39.38:857][  0]LogContentBrowser: Native class hierarchy updated for 'HierarchicalLODOutliner' in 0.0007 seconds. Added 1 classes and 2 folders.
[2017.03.28-23.39.38:858][  0]LogLoad: (Engine Initialization) Total time: 27.40 seconds
[2017.03.28-23.39.38:858][  0]LogLoad: (Engine Initialization) Total Blueprint compile time: 0.21 seconds
[2017.03.28-23.39.38:858][  0]LogExternalProfiler: Found external profiler: VSPerf
[2017.03.28-23.39.38:858][  0]LogExternalProfiler: Using external profiler: VSPerf
[2017.03.28-23.39.38:867][  0]LogOcInput: OculusInput pre-init called
[2017.03.28-23.39.38:890][  0]LogContentStreaming: Texture pool size now 800 MB
[2017.03.28-23.39.38:891][  0]LogSlate: Took 0.000317 seconds to synchronously load lazily loaded font '../../../Engine/Content/Slate/Fonts/Roboto-Regular.ttf' (155K)
[2017.03.28-23.39.38:896][  0]LogSlate: Took 0.000317 seconds to synchronously load lazily loaded font '../../../Engine/Content/Slate/Fonts/Roboto-Bold.ttf' (160K)
[2017.03.28-23.39.38:914][  0]LogSlate: Took 0.011262 seconds to synchronously load lazily loaded font '../../../Engine/Content/Editor/Slate/Fonts/FontAwesome.ttf' (139K)
[2017.03.28-23.39.39:097][  0]LogSlate: Took 0.008589 seconds to synchronously load lazily loaded font '../../../Engine/Content/Slate/Fonts/Roboto-Light.ttf' (159K)
[2017.03.28-23.39.39:147][  0]LogRenderer: Reallocating scene render targets to support 1164x580 NumSamples 1 (Frame:2).
[2017.03.28-23.39.39:361][  1]LogAssetRegistry: Asset discovery search completed in 16.4771 seconds
[2017.03.28-23.39.39:361][  1]LogCollectionManager: Rebuilt the object cache for 0 collections in 0.000008 seconds (found 0 objects)
[2017.03.28-23.39.39:361][  1]LogCollectionManager: Fixed up redirectors for 0 collections in 0.000025 seconds (updated 0 objects)
[2017.03.28-23.40.14:126][ 99]LogSlate: Took 0.000237 seconds to synchronously load lazily loaded font '../../../Engine/Content/Slate/Fonts/Roboto-Light.ttf' (159K)
[2017.03.28-23.40.14:273][ 99]LogContentBrowser: Native class hierarchy updated for 'SkeletonEditor' in 0.0007 seconds. Added 1 classes and 2 folders.
[2017.03.28-23.40.14:627][ 99]LogActorComponent: RegisterComponentWithWorld: (/Engine/Transient.World_1:PersistentLevel.Actor_0.DebugSkelMeshComponent_0) Already registered. Aborting.
[2017.03.28-23.40.14:724][ 99]LogSkeletalMesh: USkeletalMeshComponent::InitArticulated : Bodies already created (/Engine/Transient.World_1:PersistentLevel.Actor_0.DebugSkelMeshComponent_0) - call TermArticulated first.
[2017.03.28-23.40.14:870][ 99]LogSlate: Took 0.015735 seconds to synchronously load lazily loaded font '../../../Engine/Content/Editor/Slate/Fonts/Roboto-Italic.ttf' (157K)
[2017.03.28-23.40.14:929][100]LogRenderer: Reallocating scene render targets to support 1164x880 NumSamples 1 (Frame:3892).
[2017.03.28-23.41.30:990][968]LogRenderer: Reallocating scene render targets to support 1164x884 NumSamples 1 (Frame:8403).
[2017.03.28-23.41.31:063][970]LogRenderer: Reallocating scene render targets to support 1164x928 NumSamples 1 (Frame:8406).
[2017.03.28-23.41.37:622][711]LogContentBrowser: Native class hierarchy updated for 'PhAT' in 0.0007 seconds. Added 1 classes and 2 folders.
[2017.03.28-23.41.37:845][712]LogRenderer: Reallocating scene render targets to support 1164x964 NumSamples 1 (Frame:9732).
[2017.03.28-23.44.57:742][811]Cmd: TRANSACTION UNDO
[2017.03.28-23.44.57:742][811]LogEditorTransaction: Undo Move Element
[2017.03.28-23.44.57:744][811]LogActorComponent: RegisterComponentWithWorld: (/Engine/Transient.World_1:PersistentLevel.Actor_0.DebugSkelMeshComponent_0) Already registered. Aborting.
[2017.03.28-23.44.57:771][811]LogSlate: Took 0.000344 seconds to synchronously load lazily loaded font '../../../Engine/Content/Slate/Fonts/Roboto-Light.ttf' (159K)
[2017.03.28-23.50.38:745][172]Cmd: TRANSACTION UNDO
[2017.03.28-23.50.38:745][172]LogEditorTransaction: Undo Move Constraint
[2017.03.28-23.50.38:747][172]LogActorComponent: RegisterComponentWithWorld: (/Engine/Transient.World_1:PersistentLevel.Actor_0.DebugSkelMeshComponent_0) Already registered. Aborting.
[2017.03.28-23.53.07:077][355]LogSavePackage: Save=9.98ms
[2017.03.28-23.53.07:077][355]LogSavePackage: Moving '../../../../../../Users/Liam/Documents/Unreal Projects/IntroPHAT/Saved/SK_Mannequin_Physics477530224C138D6F4B00C894CFE3C9D0.tmp' to '../../../../../../Users/Liam/Documents/Unreal Projects/IntroPHAT/Content/Mannequin/Character/Mesh/SK_Mannequin_Physics.uasset'
[2017.03.28-23.53.07:081][355]LogSavePackage:Display: Finished SavePackage ../../../../../../Users/Liam/Documents/Unreal Projects/IntroPHAT/Content/Mannequin/Character/Mesh/SK_Mannequin_Physics.uasset
[2017.03.28-23.57.23:571][474]LogFileHelpers: Editor autosave (incl. sublevels) for '/Game/ThirdPersonBP/Maps/ThirdPersonExampleMap' took 0.023
[2017.03.28-23.57.23:574][474]OBJ SavePackage: Generating thumbnails for [0] asset(s) in package [/Game/Mannequin/Character/Mesh/SK_Mannequin_Physics] ([1] browsable assets)...
[2017.03.28-23.57.23:574][474]OBJ SavePackage: Finished generating thumbnails for package [/Game/Mannequin/Character/Mesh/SK_Mannequin_Physics]
[2017.03.28-23.57.23:589][474]LogSavePackage: Save=9.47ms
[2017.03.28-23.57.23:589][474]LogSavePackage: Moving '../../../../../../Users/Liam/Documents/Unreal Projects/IntroPHAT/Saved/SK_Mannequin_Physics_Auto1A22BC4CC46456701375AF48CE7558BA9.tmp' to '../../../../../../Users/Liam/Documents/Unreal Projects/IntroPHAT/Saved/Autosaves/Game/Mannequin/Character/Mesh/SK_Mannequin_Physics_Auto1.uasset'
[2017.03.28-23.57.23:591][474]LogSavePackage:Display: Finished SavePackage ../../../../../../Users/Liam/Documents/Unreal Projects/IntroPHAT/Saved/Autosaves/Game/Mannequin/Character/Mesh/SK_Mannequin_Physics_Auto1.uasset
[2017.03.28-23.57.23:591][474]LogFileHelpers: Auto-saving content packages took 0.018
[2017.03.29-00.02.17:965][263]Cmd: TRANSACTION UNDO
[2017.03.29-00.02.17:965][263]LogEditorTransaction: Undo Move Constraint
[2017.03.29-00.02.17:967][263]LogActorComponent: RegisterComponentWithWorld: (/Engine/Transient.World_1:PersistentLevel.Actor_0.DebugSkelMeshComponent_0) Already registered. Aborting.
[2017.03.29-00.03.48:674][814]Cmd: TRANSACTION UNDO
[2017.03.29-00.03.48:674][814]LogEditorTransaction: Undo Move Constraint
[2017.03.29-00.03.48:676][814]LogActorComponent: RegisterComponentWithWorld: (/Engine/Transient.World_1:PersistentLevel.Actor_0.DebugSkelMeshComponent_0) Already registered. Aborting.
[2017.03.29-00.07.44:193][951]LogSavePackage: Save=8.84ms
[2017.03.29-00.07.44:193][951]LogSavePackage: Moving '../../../../../../Users/Liam/Documents/Unreal Projects/IntroPHAT/Saved/SK_Mannequin_Physics17EAD7B34D39E5E1BF419A93E4D4A617.tmp' to '../../../../../../Users/Liam/Documents/Unreal Projects/IntroPHAT/Content/Mannequin/Character/Mesh/SK_Mannequin_Physics.uasset'
[2017.03.29-00.07.44:196][951]LogSavePackage:Display: Finished SavePackage ../../../../../../Users/Liam/Documents/Unreal Projects/IntroPHAT/Content/Mannequin/Character/Mesh/SK_Mannequin_Physics.uasset
[2017.03.29-00.11.36:060][257]LogSavePackage: Save=10.34ms
[2017.03.29-00.11.36:060][257]LogSavePackage: Moving '../../../../../../Users/Liam/Documents/Unreal Projects/IntroPHAT/Saved/SK_Mannequin_PhysicsCA91B2E94C02F03CAB25CD827ECB014F.tmp' to '../../../../../../Users/Liam/Documents/Unreal Projects/IntroPHAT/Content/Mannequin/Character/Mesh/SK_Mannequin_Physics.uasset'
[2017.03.29-00.11.36:063][257]LogSavePackage:Display: Finished SavePackage ../../../../../../Users/Liam/Documents/Unreal Projects/IntroPHAT/Content/Mannequin/Character/Mesh/SK_Mannequin_Physics.uasset
[2017.03.29-00.11.44:620][214]LogEditorViewport: Clicking on Actor (LMB): StaticMeshActor (Wall7)
[2017.03.29-00.27.31:304][217]Cmd: TRANSACTION UNDO
[2017.03.29-00.27.31:304][217]LogEditorTransaction: Undo Move Element
[2017.03.29-00.27.31:306][217]LogActorComponent: RegisterComponentWithWorld: (/Engine/Transient.World_1:PersistentLevel.Actor_0.DebugSkelMeshComponent_0) Already registered. Aborting.
[2017.03.29-00.30.28:078][488]LogSavePackage: Save=9.65ms
[2017.03.29-00.30.28:078][488]LogSavePackage: Moving '../../../../../../Users/Liam/Documents/Unreal Projects/IntroPHAT/Saved/SK_Mannequin_Physics3A47A8484A8886E5F21D5A8A8EF461EF.tmp' to '../../../../../../Users/Liam/Documents/Unreal Projects/IntroPHAT/Content/Mannequin/Character/Mesh/SK_Mannequin_Physics.uasset'
[2017.03.29-00.30.28:081][488]LogSavePackage:Display: Finished SavePackage ../../../../../../Users/Liam/Documents/Unreal Projects/IntroPHAT/Content/Mannequin/Character/Mesh/SK_Mannequin_Physics.uasset
[2017.03.29-00.30.38:363][682]Cmd: TRANSACTION UNDO
[2017.03.29-00.30.38:363][682]LogEditorTransaction: Undo Move Constraint
[2017.03.29-00.30.38:365][682]LogActorComponent: RegisterComponentWithWorld: (/Engine/Transient.World_1:PersistentLevel.Actor_0.DebugSkelMeshComponent_0) Already registered. Aborting.
[2017.03.29-00.30.38:591][701]Cmd: TRANSACTION UNDO
[2017.03.29-00.30.38:591][701]LogEditorTransaction: Undo Move Constraint
[2017.03.29-00.30.38:593][701]LogActorComponent: RegisterComponentWithWorld: (/Engine/Transient.World_1:PersistentLevel.Actor_0.DebugSkelMeshComponent_0) Already registered. Aborting.
[2017.03.29-00.30.38:814][717]Cmd: TRANSACTION UNDO
[2017.03.29-00.30.38:814][717]LogEditorTransaction: Undo Edit Twist Motion
[2017.03.29-00.30.38:816][717]LogActorComponent: RegisterComponentWithWorld: (/Engine/Transient.World_1:PersistentLevel.Actor_0.DebugSkelMeshComponent_0) Already registered. Aborting.
[2017.03.29-00.30.39:054][739]Cmd: TRANSACTION UNDO
[2017.03.29-00.30.39:054][739]LogEditorTransaction: Undo Edit Swing 2Motion
[2017.03.29-00.30.39:056][739]LogActorComponent: RegisterComponentWithWorld: (/Engine/Transient.World_1:PersistentLevel.Actor_0.DebugSkelMeshComponent_0) Already registered. Aborting.
[2017.03.29-00.30.39:281][762]Cmd: TRANSACTION UNDO
[2017.03.29-00.30.39:281][762]LogEditorTransaction: Undo Edit Swing 1Motion
[2017.03.29-00.30.39:283][762]LogActorComponent: RegisterComponentWithWorld: (/Engine/Transient.World_1:PersistentLevel.Actor_0.DebugSkelMeshComponent_0) Already registered. Aborting.
[2017.03.29-00.30.39:509][787]Cmd: TRANSACTION UNDO
[2017.03.29-00.30.39:509][787]LogEditorTransaction: Undo Move Element
[2017.03.29-00.30.39:510][787]LogActorComponent: RegisterComponentWithWorld: (/Engine/Transient.World_1:PersistentLevel.Actor_0.DebugSkelMeshComponent_0) Already registered. Aborting.
[2017.03.29-00.30.39:760][813]Cmd: TRANSACTION UNDO
[2017.03.29-00.30.39:760][813]LogEditorTransaction: Undo Move Element
[2017.03.29-00.30.39:762][813]LogActorComponent: RegisterComponentWithWorld: (/Engine/Transient.World_1:PersistentLevel.Actor_0.DebugSkelMeshComponent_0) Already registered. Aborting.
[2017.03.29-00.30.39:963][835]Cmd: TRANSACTION UNDO
[2017.03.29-00.30.39:963][835]LogEditorTransaction: Undo Move Element
[2017.03.29-00.30.39:965][835]LogActorComponent: RegisterComponentWithWorld: (/Engine/Transient.World_1:PersistentLevel.Actor_0.DebugSkelMeshComponent_0) Already registered. Aborting.
[2017.03.29-00.30.40:216][863]Cmd: TRANSACTION UNDO
[2017.03.29-00.30.40:216][863]LogEditorTransaction: Undo Move Element
[2017.03.29-00.30.40:218][863]LogActorComponent: RegisterComponentWithWorld: (/Engine/Transient.World_1:PersistentLevel.Actor_0.DebugSkelMeshComponent_0) Already registered. Aborting.
[2017.03.29-00.30.40:435][887]Cmd: TRANSACTION UNDO
[2017.03.29-00.30.40:435][887]LogEditorTransaction: Undo Move Element
[2017.03.29-00.30.40:437][887]LogActorComponent: RegisterComponentWithWorld: (/Engine/Transient.World_1:PersistentLevel.Actor_0.DebugSkelMeshComponent_0) Already registered. Aborting.
[2017.03.29-00.30.40:647][910]Cmd: TRANSACTION UNDO
[2017.03.29-00.30.40:647][910]LogEditorTransaction: Undo Move Element
[2017.03.29-00.30.40:649][910]LogActorComponent: RegisterComponentWithWorld: (/Engine/Transient.World_1:PersistentLevel.Actor_0.DebugSkelMeshComponent_0) Already registered. Aborting.
[2017.03.29-00.30.40:908][939]Cmd: TRANSACTION UNDO
[2017.03.29-00.30.40:908][939]LogEditorTransaction: Undo Move Element
[2017.03.29-00.30.40:910][939]LogActorComponent: RegisterComponentWithWorld: (/Engine/Transient.World_1:PersistentLevel.Actor_0.DebugSkelMeshComponent_0) Already registered. Aborting.
[2017.03.29-00.30.41:111][961]Cmd: TRANSACTION UNDO
[2017.03.29-00.30.41:111][961]LogEditorTransaction: Undo Move Element
[2017.03.29-00.30.41:113][961]LogActorComponent: RegisterComponentWithWorld: (/Engine/Transient.World_1:PersistentLevel.Actor_0.DebugSkelMeshComponent_0) Already registered. Aborting.
[2017.03.29-00.30.41:372][990]Cmd: TRANSACTION UNDO
[2017.03.29-00.30.41:372][990]LogEditorTransaction: Undo Move Element
[2017.03.29-00.30.41:374][990]LogActorComponent: RegisterComponentWithWorld: (/Engine/Transient.World_1:PersistentLevel.Actor_0.DebugSkelMeshComponent_0) Already registered. Aborting.
[2017.03.29-00.30.41:583][ 13]Cmd: TRANSACTION UNDO
[2017.03.29-00.30.41:583][ 13]LogEditorTransaction: Undo Move Element
[2017.03.29-00.30.41:585][ 13]LogActorComponent: RegisterComponentWithWorld: (/Engine/Transient.World_1:PersistentLevel.Actor_0.DebugSkelMeshComponent_0) Already registered. Aborting.
[2017.03.29-00.30.44:834][399]Cmd: TRANSACTION UNDO
[2017.03.29-00.30.44:834][399]LogEditorTransaction: Undo Move Element
[2017.03.29-00.30.44:836][399]LogActorComponent: RegisterComponentWithWorld: (/Engine/Transient.World_1:PersistentLevel.Actor_0.DebugSkelMeshComponent_0) Already registered. Aborting.
[2017.03.29-00.30.45:237][433]Cmd: TRANSACTION UNDO
[2017.03.29-00.30.45:237][433]LogEditorTransaction: Undo Move Element
[2017.03.29-00.30.45:239][433]LogActorComponent: RegisterComponentWithWorld: (/Engine/Transient.World_1:PersistentLevel.Actor_0.DebugSkelMeshComponent_0) Already registered. Aborting.
[2017.03.29-00.30.45:755][489]Cmd: TRANSACTION UNDO
[2017.03.29-00.30.45:755][489]LogEditorTransaction: Undo Move Element
[2017.03.29-00.30.45:757][489]LogActorComponent: RegisterComponentWithWorld: (/Engine/Transient.World_1:PersistentLevel.Actor_0.DebugSkelMeshComponent_0) Already registered. Aborting.
[2017.03.29-00.30.48:593][827]Cmd: TRANSACTION UNDO
[2017.03.29-00.30.48:593][827]LogEditorTransaction: Undo Move Element
[2017.03.29-00.30.48:595][827]LogActorComponent: RegisterComponentWithWorld: (/Engine/Transient.World_1:PersistentLevel.Actor_0.DebugSkelMeshComponent_0) Already registered. Aborting.
[2017.03.29-00.30.49:271][906]Cmd: TRANSACTION UNDO
[2017.03.29-00.30.49:271][906]LogEditorTransaction: Undo Move Element
[2017.03.29-00.30.49:273][906]LogActorComponent: RegisterComponentWithWorld: (/Engine/Transient.World_1:PersistentLevel.Actor_0.DebugSkelMeshComponent_0) Already registered. Aborting.
[2017.03.29-00.30.59:717][133]Cmd: TRANSACTION UNDO
[2017.03.29-00.30.59:717][133]LogEditorTransaction: Undo Move Element
[2017.03.29-00.30.59:719][133]LogActorComponent: RegisterComponentWithWorld: (/Engine/Transient.World_1:PersistentLevel.Actor_0.DebugSkelMeshComponent_0) Already registered. Aborting.
[2017.03.29-00.40.09:298][ 90]Cmd: TRANSACTION UNDO
[2017.03.29-00.40.09:298][ 90]LogEditorTransaction: Undo Edit Angular Damping
[2017.03.29-00.40.09:300][ 90]LogActorComponent: RegisterComponentWithWorld: (/Engine/Transient.World_1:PersistentLevel.Actor_0.DebugSkelMeshComponent_0) Already registered. Aborting.
[2017.03.29-00.40.09:559][110]Cmd: TRANSACTION UNDO
[2017.03.29-00.40.09:559][110]LogEditorTransaction: Undo Edit Linear Damping
[2017.03.29-00.40.09:560][110]LogActorComponent: RegisterComponentWithWorld: (/Engine/Transient.World_1:PersistentLevel.Actor_0.DebugSkelMeshComponent_0) Already registered. Aborting.
[2017.03.29-00.40.09:820][133]Cmd: TRANSACTION UNDO
[2017.03.29-00.40.09:820][133]LogEditorTransaction: Undo Edit Swing 1 Limit
[2017.03.29-00.40.09:821][133]LogActorComponent: RegisterComponentWithWorld: (/Engine/Transient.World_1:PersistentLevel.Actor_0.DebugSkelMeshComponent_0) Already registered. Aborting.
[2017.03.29-00.40.10:064][159]Cmd: TRANSACTION UNDO
[2017.03.29-00.40.10:064][159]LogEditorTransaction: Undo Edit Swing 2 Limit
[2017.03.29-00.40.10:066][159]LogActorComponent: RegisterComponentWithWorld: (/Engine/Transient.World_1:PersistentLevel.Actor_0.DebugSkelMeshComponent_0) Already registered. Aborting.
[2017.03.29-00.40.10:308][185]Cmd: TRANSACTION UNDO
[2017.03.29-00.40.10:308][185]LogEditorTransaction: Undo Edit Twist Limit
[2017.03.29-00.40.10:310][185]LogActorComponent: RegisterComponentWithWorld: (/Engine/Transient.World_1:PersistentLevel.Actor_0.DebugSkelMeshComponent_0) Already registered. Aborting.
[2017.03.29-00.40.10:538][209]Cmd: TRANSACTION UNDO
[2017.03.29-00.40.10:538][209]LogEditorTransaction: Undo Edit Swing 1Motion
[2017.03.29-00.40.10:540][209]LogActorComponent: RegisterComponentWithWorld: (/Engine/Transient.World_1:PersistentLevel.Actor_0.DebugSkelMeshComponent_0) Already registered. Aborting.
[2017.03.29-00.40.10:774][234]Cmd: TRANSACTION UNDO
[2017.03.29-00.40.10:774][234]LogEditorTransaction: Undo Edit Swing 2Motion
[2017.03.29-00.40.10:776][234]LogActorComponent: RegisterComponentWithWorld: (/Engine/Transient.World_1:PersistentLevel.Actor_0.DebugSkelMeshComponent_0) Already registered. Aborting.
[2017.03.29-00.40.11:000][259]Cmd: TRANSACTION UNDO
[2017.03.29-00.40.11:000][259]LogEditorTransaction: Undo Edit Twist Motion
[2017.03.29-00.40.11:001][259]LogActorComponent: RegisterComponentWithWorld: (/Engine/Transient.World_1:PersistentLevel.Actor_0.DebugSkelMeshComponent_0) Already registered. Aborting.
[2017.03.29-00.40.11:261][287]Cmd: TRANSACTION UNDO
[2017.03.29-00.40.11:261][287]LogEditorTransaction: Undo Edit ZMotion
[2017.03.29-00.40.11:263][287]LogActorComponent: RegisterComponentWithWorld: (/Engine/Transient.World_1:PersistentLevel.Actor_0.DebugSkelMeshComponent_0) Already registered. Aborting.
[2017.03.29-00.40.11:486][309]Cmd: TRANSACTION UNDO
[2017.03.29-00.40.11:486][309]LogEditorTransaction: Undo Edit ZMotion
[2017.03.29-00.40.11:488][309]LogActorComponent: RegisterComponentWithWorld: (/Engine/Transient.World_1:PersistentLevel.Actor_0.DebugSkelMeshComponent_0) Already registered. Aborting.
[2017.03.29-00.40.11:711][334]Cmd: TRANSACTION UNDO
[2017.03.29-00.40.11:711][334]LogEditorTransaction: Undo Move Element
[2017.03.29-00.40.11:713][334]LogActorComponent: RegisterComponentWithWorld: (/Engine/Transient.World_1:PersistentLevel.Actor_0.DebugSkelMeshComponent_0) Already registered. Aborting.
[2017.03.29-00.40.11:924][356]Cmd: TRANSACTION UNDO
[2017.03.29-00.40.11:924][356]LogEditorTransaction: Undo Move Element
[2017.03.29-00.40.11:926][356]LogActorComponent: RegisterComponentWithWorld: (/Engine/Transient.World_1:PersistentLevel.Actor_0.DebugSkelMeshComponent_0) Already registered. Aborting.
[2017.03.29-00.40.12:141][380]Cmd: TRANSACTION UNDO
[2017.03.29-00.40.12:141][380]LogEditorTransaction: Undo Move Element
[2017.03.29-00.40.12:143][380]LogActorComponent: RegisterComponentWithWorld: (/Engine/Transient.World_1:PersistentLevel.Actor_0.DebugSkelMeshComponent_0) Already registered. Aborting.
[2017.03.29-00.40.12:392][408]Cmd: TRANSACTION UNDO
[2017.03.29-00.40.12:392][408]LogEditorTransaction: Undo Move Element
[2017.03.29-00.40.12:394][408]LogActorComponent: RegisterComponentWithWorld: (/Engine/Transient.World_1:PersistentLevel.Actor_0.DebugSkelMeshComponent_0) Already registered. Aborting.
[2017.03.29-00.40.12:575][428]Cmd: TRANSACTION UNDO
[2017.03.29-00.40.12:575][428]LogEditorTransaction: Undo Move Element
[2017.03.29-00.40.12:577][428]LogActorComponent: RegisterComponentWithWorld: (/Engine/Transient.World_1:PersistentLevel.Actor_0.DebugSkelMeshComponent_0) Already registered. Aborting.
[2017.03.29-00.40.13:351][519]Cmd: TRANSACTION UNDO
[2017.03.29-00.40.13:351][519]LogEditorTransaction: Undo Move Element
[2017.03.29-00.40.13:353][519]LogActorComponent: RegisterComponentWithWorld: (/Engine/Transient.World_1:PersistentLevel.Actor_0.DebugSkelMeshComponent_0) Already registered. Aborting.
[2017.03.29-00.40.13:568][543]Cmd: TRANSACTION UNDO
[2017.03.29-00.40.13:568][543]LogEditorTransaction: Undo Move Element
[2017.03.29-00.40.13:570][543]LogActorComponent: RegisterComponentWithWorld: (/Engine/Transient.World_1:PersistentLevel.Actor_0.DebugSkelMeshComponent_0) Already registered. Aborting.
[2017.03.29-00.40.13:768][565]Cmd: TRANSACTION UNDO
[2017.03.29-00.40.13:768][565]LogEditorTransaction: Undo Move Element
[2017.03.29-00.40.13:770][565]LogActorComponent: RegisterComponentWithWorld: (/Engine/Transient.World_1:PersistentLevel.Actor_0.DebugSkelMeshComponent_0) Already registered. Aborting.
[2017.03.29-00.40.14:010][592]Cmd: TRANSACTION UNDO
[2017.03.29-00.40.14:010][592]LogEditorTransaction: Undo Move Element
[2017.03.29-00.40.14:012][592]LogActorComponent: RegisterComponentWithWorld: (/Engine/Transient.World_1:PersistentLevel.Actor_0.DebugSkelMeshComponent_0) Already registered. Aborting.
[2017.03.29-00.40.14:219][615]Cmd: TRANSACTION UNDO
[2017.03.29-00.40.14:219][615]LogEditorTransaction: Undo Add New Body
[2017.03.29-00.40.14:223][615]LogActorComponent: RegisterComponentWithWorld: (/Engine/Transient.World_1:PersistentLevel.Actor_0.DebugSkelMeshComponent_0) Already registered. Aborting.
[2017.03.29-00.40.14:233][615]LogWindows: Windows GetLastError: The operation completed successfully. (0)
